<?xml version="1.0" encoding="utf-8"?><testsuites><testsuite name="pytest" errors="0" failures="0" skipped="0" tests="5" time="0.084" timestamp="2022-01-17T18:15:08.083490" hostname="DESKTOP-A4NCRUK"><testcase classname="test_calc.TestStringMethods" name="test_division" time="0.001" /><testcase classname="test_calc.TestStringMethods" name="test_exponencial" time="0.001" /><testcase classname="test_calc.TestStringMethods" name="test_multiplicacion" time="0.001" /><testcase classname="test_calc.TestStringMethods" name="test_resta" time="0.001" /><testcase classname="test_calc.TestStringMethods" name="test_suma" time="0.001" /></testsuite></testsuites>