<?xml version="1.0" encoding="utf-8"?><testsuites><testsuite name="pytest" errors="1" failures="0" skipped="0" tests="1" time="0.311" timestamp="2022-01-17T17:22:18.335074" hostname="DESKTOP-A4NCRUK"><testcase classname="" name="test_calc" time="0.000"><error message="collection failure">..\..\AppData\Local\Packages\PythonSoftwareFoundation.Python.3.9_qbz5n2kfra8p0\LocalCache\local-packages\Python39\site-packages\_pytest\python.py:578: in _importtestmodule
    mod = import_path(self.fspath, mode=importmode)
..\..\AppData\Local\Packages\PythonSoftwareFoundation.Python.3.9_qbz5n2kfra8p0\LocalCache\local-packages\Python39\site-packages\_pytest\pathlib.py:524: in import_path
    importlib.import_module(module_name)
C:\Program Files\WindowsApps\PythonSoftwareFoundation.Python.3.9_3.9.2544.0_x64__qbz5n2kfra8p0\lib\importlib\__init__.py:127: in import_module
    return _bootstrap._gcd_import(name[level:], package, level)
&lt;frozen importlib._bootstrap&gt;:1030: in _gcd_import
    ???
&lt;frozen importlib._bootstrap&gt;:1007: in _find_and_load
    ???
&lt;frozen importlib._bootstrap&gt;:986: in _find_and_load_unlocked
    ???
&lt;frozen importlib._bootstrap&gt;:680: in _load_unlocked
    ???
..\..\AppData\Local\Packages\PythonSoftwareFoundation.Python.3.9_qbz5n2kfra8p0\LocalCache\local-packages\Python39\site-packages\_pytest\assertion\rewrite.py:161: in exec_module
    source_stat, co = _rewrite_test(fn, self.config)
..\..\AppData\Local\Packages\PythonSoftwareFoundation.Python.3.9_qbz5n2kfra8p0\LocalCache\local-packages\Python39\site-packages\_pytest\assertion\rewrite.py:354: in _rewrite_test
    tree = ast.parse(source, filename=fn_)
C:\Program Files\WindowsApps\PythonSoftwareFoundation.Python.3.9_3.9.2544.0_x64__qbz5n2kfra8p0\lib\ast.py:50: in parse
    return compile(source, filename, mode, flags,
E     File "C:\Users\Usuario\Desktop\intec-ids328-calc-main\test_calc.py", line 37
E       def test_exponencial(self):
E                                  ^
E   IndentationError: unindent does not match any outer indentation level</error></testcase></testsuite></testsuites>