<?xml version="1.0" encoding="utf-8"?><testsuites><testsuite name="pytest" errors="0" failures="0" skipped="0" tests="0" time="0.067" timestamp="2022-01-11T22:20:01.917204" hostname="DESKTOP-A4NCRUK" /></testsuites>